Using pre-set license
Built from '2020.3/staging' branch; Version is '2020.3.29f1 (2ff179115da0) revision 3142009'; Using compiler version '192528614'; Build Type 'Release'
OS: 'Windows 11  (10.0.22631) 64bit Core' Language: 'en' Physical Memory: 6091 MB
BatchMode: 1, IsHumanControllingUs: 0, StartBugReporterOnCrash: 0, Is64bit: 1, IsPro: 0

COMMAND LINE ARGUMENTS:
C:\Program Files\Unity\Hub\Editor\2020.3.29f1\Editor\Unity.exe
-adb2
-batchMode
-noUpm
-name
AssetImportWorker0
-projectPath
C:/Users/drunk/Documents/GitHub/Trail-it
-logFile
Logs/AssetImportWorker0.log
-srvPort
63336
Successfully changed project path to: C:/Users/drunk/Documents/GitHub/Trail-it
C:/Users/drunk/Documents/GitHub/Trail-it
Using Asset Import Pipeline V2.
Refreshing native plugins compatible for Editor in 151.59 ms, found 2 plugins.
Preloading 0 native plugins for Editor in 0.00 ms.
Initialize engine version: 2020.3.29f1 (2ff179115da0)
[Subsystems] Discovering subsystems at path C:/Program Files/Unity/Hub/Editor/2020.3.29f1/Editor/Data/Resources/UnitySubsystems
[Subsystems] Discovering subsystems at path C:/Users/drunk/Documents/GitHub/Trail-it/Assets
GfxDevice: creating device client; threaded=0
Direct3D:
    Version:  Direct3D 11.0 [level 11.1]
    Renderer: AMD Radeon(TM) Vega 8 Graphics (ID=0x15d8)
    Vendor:   
    VRAM:     3045 MB
    Driver:   27.20.11044.5003
Initialize mono
Mono path[0] = 'C:/Program Files/Unity/Hub/Editor/2020.3.29f1/Editor/Data/Managed'
Mono path[1] = 'C:/Program Files/Unity/Hub/Editor/2020.3.29f1/Editor/Data/MonoBleedingEdge/lib/mono/unityjit'
Mono config path = 'C:/Program Files/Unity/Hub/Editor/2020.3.29f1/Editor/Data/MonoBleedingEdge/etc'
Using monoOptions --debugger-agent=transport=dt_socket,embedding=1,server=y,suspend=n,address=127.0.0.1:56320
Begin MonoManager ReloadAssembly
Registering precompiled unity dll's ...
Register platform support module: C:/Program Files/Unity/Hub/Editor/2020.3.29f1/Editor/Data/PlaybackEngines/WebGLSupport/UnityEditor.WebGL.Extensions.dll
Register platform support module: C:/Program Files/Unity/Hub/Editor/2020.3.29f1/Editor/Data/PlaybackEngines/WindowsStandaloneSupport/UnityEditor.WindowsStandalone.Extensions.dll
Registered in 0.004553 seconds.
Native extension for WindowsStandalone target not found
Native extension for WebGL target not found
Refreshing native plugins compatible for Editor in 102.59 ms, found 2 plugins.
Preloading 0 native plugins for Editor in 0.00 ms.
Mono: successfully reloaded assembly
- Completed reload, in  1.122 seconds
Domain Reload Profiling:
	ReloadAssembly (1123ms)
		BeginReloadAssembly (115ms)
			ExecutionOrderSort (0ms)
			DisableScriptedObjects (0ms)
			BackupInstance (0ms)
			ReleaseScriptingObjects (0ms)
			CreateAndSetChildDomain (1ms)
		EndReloadAssembly (857ms)
			LoadAssemblies (109ms)
			RebuildTransferFunctionScriptingTraits (0ms)
			SetupTypeCache (266ms)
			ReleaseScriptCaches (0ms)
			RebuildScriptCaches (48ms)
			SetupLoadedEditorAssemblies (352ms)
				LogAssemblyErrors (0ms)
				InitializePlatformSupportModulesInManaged (10ms)
				SetLoadedEditorAssemblies (0ms)
				RefreshPlugins (103ms)
				BeforeProcessingInitializeOnLoad (16ms)
				ProcessInitializeOnLoadAttributes (162ms)
				ProcessInitializeOnLoadMethodAttributes (61ms)
				AfterProcessingInitializeOnLoad (0ms)
				EditorAssembliesLoaded (0ms)
			ExecutionOrderSort2 (0ms)
			AwakeInstancesAfterBackupRestoration (0ms)
Platform modules already initialized, skipping
Registering precompiled user dll's ...
Registered in 0.013802 seconds.
Begin MonoManager ReloadAssembly
Native extension for WindowsStandalone target not found
Native extension for WebGL target not found
Refreshing native plugins compatible for Editor in 1.13 ms, found 2 plugins.
Preloading 0 native plugins for Editor in 0.00 ms.
Mono: successfully reloaded assembly
- Completed reload, in  1.978 seconds
Domain Reload Profiling:
	ReloadAssembly (1979ms)
		BeginReloadAssembly (356ms)
			ExecutionOrderSort (0ms)
			DisableScriptedObjects (9ms)
			BackupInstance (0ms)
			ReleaseScriptingObjects (0ms)
			CreateAndSetChildDomain (39ms)
		EndReloadAssembly (1494ms)
			LoadAssemblies (230ms)
			RebuildTransferFunctionScriptingTraits (0ms)
			SetupTypeCache (497ms)
			ReleaseScriptCaches (1ms)
			RebuildScriptCaches (78ms)
			SetupLoadedEditorAssemblies (556ms)
				LogAssemblyErrors (0ms)
				InitializePlatformSupportModulesInManaged (9ms)
				SetLoadedEditorAssemblies (1ms)
				RefreshPlugins (1ms)
				BeforeProcessingInitializeOnLoad (108ms)
				ProcessInitializeOnLoadAttributes (320ms)
				ProcessInitializeOnLoadMethodAttributes (105ms)
				AfterProcessingInitializeOnLoad (12ms)
				EditorAssembliesLoaded (0ms)
			ExecutionOrderSort2 (0ms)
			AwakeInstancesAfterBackupRestoration (11ms)
Platform modules already initialized, skipping
========================================================================
Worker process is ready to serve import requests
Launched and connected shader compiler UnityShaderCompiler.exe after 0.07 seconds
Refreshing native plugins compatible for Editor in 1.29 ms, found 2 plugins.
Preloading 0 native plugins for Editor in 0.00 ms.
Unloading 2332 Unused Serialized files (Serialized files now loaded: 0)
System memory in use before: 91.3 MB.
System memory in use after: 91.5 MB.

Unloading 59 unused Assets to reduce memory usage. Loaded Objects now: 2737.
Total: 11.685900 ms (FindLiveObjects: 0.314800 ms CreateObjectMapping: 0.111400 ms MarkObjects: 11.132800 ms  DeleteObjects: 0.124700 ms)

AssetImportParameters requested are different than current active one (requested -> active):
  custom:framework-win-MediaFoundation: 216162199b28c13a410421893ffa2e32 -> 
  custom:video-decoder-ogg-theora: a1e56fd34408186e4bbccfd4996cb3dc -> 
  custom:container-muxer-webm: aa71ff27fc2769a1b78a27578f13a17b -> 
  custom:container-demuxer-webm: 4f35f7cbe854078d1ac9338744f61a02 -> 
  custom:container-demuxer-ogg: 62fdf1f143b41e24485cea50d1cbac27 -> 
  custom:video-encoder-webm-vp8: eb34c28f22e8b96e1ab97ce403110664 -> 
  custom:video-decoder-webm-vp8: 9c59270c3fd7afecdb556c50c9e8de78 -> 
  custom:audio-decoder-ogg-vorbis: bf7c407c2cedff20999df2af8eb42d56 -> 
  custom:audio-encoder-webm-vorbis: bf7c407c2cedff20999df2af8eb42d56 -> 
========================================================================
Received Import Request.
  path: Assets/Scripts/Managers
  artifactKey: Guid(d30e347ab4ceaa844a98de0ac37982c7) Importer(815301076,1909f56bfc062723c751e8b465ee728b)
Start importing Assets/Scripts/Managers using Guid(d30e347ab4ceaa844a98de0ac37982c7) Importer(815301076,1909f56bfc062723c751e8b465ee728b)  -> (artifact id: '41e163095f3f01303d0e6878e77c6b6e') in 0.019242 seconds 
  Import took 0.024375 seconds .

========================================================================
Received Prepare
Refreshing native plugins compatible for Editor in 44.65 ms, found 2 plugins.
Preloading 0 native plugins for Editor in 0.00 ms.
Unloading 49 Unused Serialized files (Serialized files now loaded: 0)
System memory in use before: 46.2 MB.
System memory in use after: 46.4 MB.

Unloading 48 unused Assets to reduce memory usage. Loaded Objects now: 2737.
Total: 14.618600 ms (FindLiveObjects: 0.358300 ms CreateObjectMapping: 0.094900 ms MarkObjects: 14.092700 ms  DeleteObjects: 0.070100 ms)

AssetImportParameters requested are different than current active one (requested -> active):
  custom:framework-win-MediaFoundation: 216162199b28c13a410421893ffa2e32 -> 
  custom:video-decoder-ogg-theora: a1e56fd34408186e4bbccfd4996cb3dc -> 
  custom:container-muxer-webm: aa71ff27fc2769a1b78a27578f13a17b -> 
  custom:container-demuxer-webm: 4f35f7cbe854078d1ac9338744f61a02 -> 
  custom:container-demuxer-ogg: 62fdf1f143b41e24485cea50d1cbac27 -> 
  custom:video-encoder-webm-vp8: eb34c28f22e8b96e1ab97ce403110664 -> 
  custom:video-decoder-webm-vp8: 9c59270c3fd7afecdb556c50c9e8de78 -> 
  custom:audio-decoder-ogg-vorbis: bf7c407c2cedff20999df2af8eb42d56 -> 
  custom:audio-encoder-webm-vorbis: bf7c407c2cedff20999df2af8eb42d56 -> 
========================================================================
Received Import Request.
  Time since last request: 7.201661 seconds.
  path: Assets/Scripts
  artifactKey: Guid(bbce8eb9350824344b33ffb48f57cfda) Importer(815301076,1909f56bfc062723c751e8b465ee728b)
Start importing Assets/Scripts using Guid(bbce8eb9350824344b33ffb48f57cfda) Importer(815301076,1909f56bfc062723c751e8b465ee728b)  -> (artifact id: 'fbc2541aa3ad5e7363fe365059a7caac') in 0.017265 seconds 
  Import took 0.022191 seconds .

========================================================================
Received Import Request.
  Time since last request: 3.460781 seconds.
  path: Assets/Scripts/Managers/GameManager.cs
  artifactKey: Guid(8da0e344ac6c05d49b90628d687e9e8f) Importer(815301076,1909f56bfc062723c751e8b465ee728b)
Start importing Assets/Scripts/Managers/GameManager.cs using Guid(8da0e344ac6c05d49b90628d687e9e8f) Importer(815301076,1909f56bfc062723c751e8b465ee728b)  -> (artifact id: '44f39231ffa893e82c779989527a9b8c') in 0.072975 seconds 
  Import took 0.077378 seconds .

========================================================================
Received Import Request.
  Time since last request: 1436.306397 seconds.
  path: Assets/Prefabs/Hand.prefab
  artifactKey: Guid(ceaadf655a1802547bd85affa440974a) Importer(815301076,1909f56bfc062723c751e8b465ee728b)
Start importing Assets/Prefabs/Hand.prefab using Guid(ceaadf655a1802547bd85affa440974a) Importer(815301076,1909f56bfc062723c751e8b465ee728b)  -> (artifact id: '8a77fefdc8736f81abef9d0a13ce3682') in 0.153166 seconds 
  Import took 0.160028 seconds .

========================================================================
Received Import Request.
  Time since last request: 8.352414 seconds.
  path: Assets/Prefabs/Canvas/PlayerSelectCanvas.prefab
  artifactKey: Guid(cf5c2e68ea249497e9f790dbbd7e62f6) Importer(815301076,1909f56bfc062723c751e8b465ee728b)
Start importing Assets/Prefabs/Canvas/PlayerSelectCanvas.prefab using Guid(cf5c2e68ea249497e9f790dbbd7e62f6) Importer(815301076,1909f56bfc062723c751e8b465ee728b)  -> (artifact id: '90c490d6794800f35c2bd2bdf0ad427d') in 0.068865 seconds 
  Import took 0.073754 seconds .

========================================================================
Received Import Request.
  Time since last request: 0.000294 seconds.
  path: Assets/Prefabs/Canvas/VælgBaneCanvas.prefab
  artifactKey: Guid(325946296683e4aadba50d72f77cc6cd) Importer(815301076,1909f56bfc062723c751e8b465ee728b)
Start importing Assets/Prefabs/Canvas/VælgBaneCanvas.prefab using Guid(325946296683e4aadba50d72f77cc6cd) Importer(815301076,1909f56bfc062723c751e8b465ee728b)  -> (artifact id: 'a58d9e08aecbc47920a45894cca4b163') in 0.025735 seconds 
  Import took 0.032354 seconds .

========================================================================
Received Import Request.
  Time since last request: 0.000319 seconds.
  path: Assets/Resources/Tutorial/Tutorial.prefab
  artifactKey: Guid(70d253d33d05f4ae3918ce8af63ed0ae) Importer(815301076,1909f56bfc062723c751e8b465ee728b)
Start importing Assets/Resources/Tutorial/Tutorial.prefab using Guid(70d253d33d05f4ae3918ce8af63ed0ae) Importer(815301076,1909f56bfc062723c751e8b465ee728b)  -> (artifact id: 'c946a5f5c4511988826cb4b54f1f9093') in 0.048572 seconds 
  Import took 0.054514 seconds .

========================================================================
Received Import Request.
  Time since last request: 0.000310 seconds.
  path: Assets/Resources/visualDataPoint.prefab
  artifactKey: Guid(aadcebbca85b74419b1a60b431b64728) Importer(815301076,1909f56bfc062723c751e8b465ee728b)
Start importing Assets/Resources/visualDataPoint.prefab using Guid(aadcebbca85b74419b1a60b431b64728) Importer(815301076,1909f56bfc062723c751e8b465ee728b)  -> (artifact id: '0b553f19dd59751ec8ddc1bd06eed2b7') in 0.063323 seconds 
  Import took 0.069082 seconds .

========================================================================
Received Import Request.
  Time since last request: 0.000275 seconds.
  path: Assets/Prefabs/Target.prefab
  artifactKey: Guid(91588d9c3fc317c41a9b03f16b8976a4) Importer(815301076,1909f56bfc062723c751e8b465ee728b)
Start importing Assets/Prefabs/Target.prefab using Guid(91588d9c3fc317c41a9b03f16b8976a4) Importer(815301076,1909f56bfc062723c751e8b465ee728b)  -> (artifact id: '77fc2438163bad00ec6dbec863aaeec3') in 0.036607 seconds 
  Import took 0.042093 seconds .

========================================================================
Received Import Request.
  Time since last request: 0.000256 seconds.
  path: Packages/com.unity.xr.legacyinputhelpers/Prefabs/XRRig.prefab
  artifactKey: Guid(c116b7497ab8ca34c9188965d4295e27) Importer(815301076,1909f56bfc062723c751e8b465ee728b)
Start importing Packages/com.unity.xr.legacyinputhelpers/Prefabs/XRRig.prefab using Guid(c116b7497ab8ca34c9188965d4295e27) Importer(815301076,1909f56bfc062723c751e8b465ee728b)  -> (artifact id: '53e5402df3ba6997afeb4e074ac5eb80') in 0.027623 seconds 
  Import took 0.033829 seconds .

========================================================================
Received Import Request.
  Time since last request: 1.982558 seconds.
  path: Assets/Prefabs/Line.prefab
  artifactKey: Guid(ef0d3827e84a71c419eabc2d990d2df5) Importer(815301076,1909f56bfc062723c751e8b465ee728b)
Start importing Assets/Prefabs/Line.prefab using Guid(ef0d3827e84a71c419eabc2d990d2df5) Importer(815301076,1909f56bfc062723c751e8b465ee728b)  -> (artifact id: '6c60a68b57f06ed3062bc0069832487d') in 0.024549 seconds 
  Import took 0.029529 seconds .

========================================================================
Received Import Request.
  Time since last request: 0.000277 seconds.
  path: Assets/Resources/LineDrawer.prefab
  artifactKey: Guid(cb6cb1cac09604db1b81c957e1820bc8) Importer(815301076,1909f56bfc062723c751e8b465ee728b)
Start importing Assets/Resources/LineDrawer.prefab using Guid(cb6cb1cac09604db1b81c957e1820bc8) Importer(815301076,1909f56bfc062723c751e8b465ee728b)  -> (artifact id: 'dc2d668c465b6f0427d63e6789775c05') in 0.020355 seconds 
  Import took 0.027250 seconds .

========================================================================
Received Import Request.
  Time since last request: 0.000382 seconds.
  path: Assets/Prefabs/LineDrawer.prefab
  artifactKey: Guid(eb41fb180b8fc3c44a11a2b0d703419e) Importer(815301076,1909f56bfc062723c751e8b465ee728b)
Start importing Assets/Prefabs/LineDrawer.prefab using Guid(eb41fb180b8fc3c44a11a2b0d703419e) Importer(815301076,1909f56bfc062723c751e8b465ee728b)  -> (artifact id: 'fd8569eba603b030fae454923622c1b5') in 0.009620 seconds 
  Import took 0.016176 seconds .

========================================================================
Received Import Request.
  Time since last request: 18.988000 seconds.
  path: Assets/Resources/Tutorial/Phase2.prefab
  artifactKey: Guid(8b73b878c7bc14de4846d2ce486d5b82) Importer(815301076,1909f56bfc062723c751e8b465ee728b)
Start importing Assets/Resources/Tutorial/Phase2.prefab using Guid(8b73b878c7bc14de4846d2ce486d5b82) Importer(815301076,1909f56bfc062723c751e8b465ee728b)  -> (artifact id: 'b1de72d60ad942df33bff2266f157998') in 0.023715 seconds 
  Import took 0.029524 seconds .

========================================================================
Received Import Request.
  Time since last request: 10.804088 seconds.
  path: Assets/Resources/Tutorial/Phase0A.prefab
  artifactKey: Guid(00ab2d1df8895490ea62c3d8ca723ada) Importer(815301076,1909f56bfc062723c751e8b465ee728b)
Start importing Assets/Resources/Tutorial/Phase0A.prefab using Guid(00ab2d1df8895490ea62c3d8ca723ada) Importer(815301076,1909f56bfc062723c751e8b465ee728b)  -> (artifact id: '9fb1f19098bacb5c9893bf04a3e336b3') in 0.018489 seconds 
  Import took 0.030620 seconds .

========================================================================
Received Import Request.
  Time since last request: 0.000252 seconds.
  path: Assets/Resources/Tutorial/Phase1A.prefab
  artifactKey: Guid(4c62e45f09f84485ca882b20123aa6e0) Importer(815301076,1909f56bfc062723c751e8b465ee728b)
Start importing Assets/Resources/Tutorial/Phase1A.prefab using Guid(4c62e45f09f84485ca882b20123aa6e0) Importer(815301076,1909f56bfc062723c751e8b465ee728b)  -> (artifact id: '4ef8a7362b210c072573b70f9ea41abc') in 0.019220 seconds 
  Import took 0.024384 seconds .

========================================================================
Received Import Request.
  Time since last request: 0.000355 seconds.
  path: Assets/Resources/Tutorial/Phase1B.prefab
  artifactKey: Guid(2213e280062d34fb5845bc7fca8e41ad) Importer(815301076,1909f56bfc062723c751e8b465ee728b)
Start importing Assets/Resources/Tutorial/Phase1B.prefab using Guid(2213e280062d34fb5845bc7fca8e41ad) Importer(815301076,1909f56bfc062723c751e8b465ee728b)  -> (artifact id: 'f4e9443bff083bb54c211ee1ebc839bf') in 0.019329 seconds 
  Import took 0.025329 seconds .

========================================================================
Received Import Request.
  Time since last request: 0.000306 seconds.
  path: Assets/Resources/Tutorial/Phase0B.prefab
  artifactKey: Guid(7d4b67510c9034c68b84d6215f927580) Importer(815301076,1909f56bfc062723c751e8b465ee728b)
Start importing Assets/Resources/Tutorial/Phase0B.prefab using Guid(7d4b67510c9034c68b84d6215f927580) Importer(815301076,1909f56bfc062723c751e8b465ee728b)  -> (artifact id: '1e8e7bb9979ee110bcde425d9d15d8ed') in 0.020940 seconds 
  Import took 0.026536 seconds .

========================================================================
Received Import Request.
  Time since last request: 3.735817 seconds.
  path: Assets/Prefabs/BackButton.prefab
  artifactKey: Guid(9d02f09df7d63be43b51c088db7886e5) Importer(815301076,1909f56bfc062723c751e8b465ee728b)
Start importing Assets/Prefabs/BackButton.prefab using Guid(9d02f09df7d63be43b51c088db7886e5) Importer(815301076,1909f56bfc062723c751e8b465ee728b)  -> (artifact id: 'c0efcf4c99d14fe687bebccb0e03d097') in 0.026173 seconds 
  Import took 0.032671 seconds .

========================================================================
Received Import Request.
  Time since last request: 0.000306 seconds.
  path: Assets/Prefabs/Canvas/EndLevelCanvas.prefab
  artifactKey: Guid(b83194360756946c6a9d53d7d90fabea) Importer(815301076,1909f56bfc062723c751e8b465ee728b)
Start importing Assets/Prefabs/Canvas/EndLevelCanvas.prefab using Guid(b83194360756946c6a9d53d7d90fabea) Importer(815301076,1909f56bfc062723c751e8b465ee728b)  -> (artifact id: '9832b2d5942267aa991550ee86df38be') in 0.023821 seconds 
  Import took 0.028795 seconds .

========================================================================
Received Import Request.
  Time since last request: 0.000260 seconds.
  path: Assets/Prefabs/GameLevel.prefab
  artifactKey: Guid(7d6c141dfce714626b16c237c42f839b) Importer(815301076,1909f56bfc062723c751e8b465ee728b)
Start importing Assets/Prefabs/GameLevel.prefab using Guid(7d6c141dfce714626b16c237c42f839b) Importer(815301076,1909f56bfc062723c751e8b465ee728b)  -> (artifact id: 'f74a8f210992af129b2699189f5c9d7f') in 0.079045 seconds 
  Import took 0.084782 seconds .

========================================================================
Received Import Request.
  Time since last request: 0.000292 seconds.
  path: Assets/Prefabs/Canvas/GameCanvas.prefab
  artifactKey: Guid(968ce7bb267784a37bcb2aab9f601bae) Importer(815301076,1909f56bfc062723c751e8b465ee728b)
Start importing Assets/Prefabs/Canvas/GameCanvas.prefab using Guid(968ce7bb267784a37bcb2aab9f601bae) Importer(815301076,1909f56bfc062723c751e8b465ee728b)  -> (artifact id: 'e9c746cfdf0ff884edec49e47c015529') in 0.044816 seconds 
  Import took 0.049920 seconds .

========================================================================
Received Import Request.
  Time since last request: 0.000305 seconds.
  path: Packages/com.unity.analytics/DataPrivacy/DataPrivacyButton.prefab
  artifactKey: Guid(71b11355001648444b41d17fd36c150d) Importer(815301076,1909f56bfc062723c751e8b465ee728b)
Start importing Packages/com.unity.analytics/DataPrivacy/DataPrivacyButton.prefab using Guid(71b11355001648444b41d17fd36c150d) Importer(815301076,1909f56bfc062723c751e8b465ee728b)  -> (artifact id: '29afed4e068a0e8b5a16db570a537112') in 0.036024 seconds 
  Import took 0.040719 seconds .

========================================================================
Received Import Request.
  Time since last request: 0.000287 seconds.
  path: Assets/Prefabs/Canvas/GameOverlayCanvas.prefab
  artifactKey: Guid(730a98b6e3feb4bbdb264089d4691419) Importer(815301076,1909f56bfc062723c751e8b465ee728b)
Start importing Assets/Prefabs/Canvas/GameOverlayCanvas.prefab using Guid(730a98b6e3feb4bbdb264089d4691419) Importer(815301076,1909f56bfc062723c751e8b465ee728b)  -> (artifact id: '5264ba93ea58027521e7db849cd33731') in 0.032032 seconds 
  Import took 0.037758 seconds .

========================================================================
Received Import Request.
  Time since last request: 0.000331 seconds.
  path: Assets/Prefabs/Label.prefab
  artifactKey: Guid(9d59216ebf4b16841a01b90ca45eda45) Importer(815301076,1909f56bfc062723c751e8b465ee728b)
Start importing Assets/Prefabs/Label.prefab using Guid(9d59216ebf4b16841a01b90ca45eda45) Importer(815301076,1909f56bfc062723c751e8b465ee728b)  -> (artifact id: '43ff238811262e61a4d14ab2e9b108c0') in 0.020768 seconds 
  Import took 0.026420 seconds .

========================================================================
Received Import Request.
  Time since last request: 26.722911 seconds.
  path: Assets/Audio/VoiceGuide/Numbers/1.mp3
  artifactKey: Guid(28539919dda2890438d056a4361ee849) Importer(815301076,1909f56bfc062723c751e8b465ee728b)
Start importing Assets/Audio/VoiceGuide/Numbers/1.mp3 using Guid(28539919dda2890438d056a4361ee849) Importer(815301076,1909f56bfc062723c751e8b465ee728b)  -> (artifact id: '947b6617ffeac14764a7ce9e3a890321') in 0.163814 seconds 
  Import took 0.169514 seconds .

========================================================================
Received Import Request.
  Time since last request: 0.000307 seconds.
  path: Assets/Audio/VoiceGuide/Numbers/5.mp3
  artifactKey: Guid(5b5ea0cc10895f1469370f79fc4abdd3) Importer(815301076,1909f56bfc062723c751e8b465ee728b)
Start importing Assets/Audio/VoiceGuide/Numbers/5.mp3 using Guid(5b5ea0cc10895f1469370f79fc4abdd3) Importer(815301076,1909f56bfc062723c751e8b465ee728b)  -> (artifact id: 'a6414e93c1b43a3779b11441c6783787') in 0.027526 seconds 
  Import took 0.032747 seconds .

========================================================================
Received Import Request.
  Time since last request: 0.000287 seconds.
  path: Assets/Audio/VoiceGuide/Numbers/7.mp3
  artifactKey: Guid(cff6a63f226190141899dcc0dd22e77e) Importer(815301076,1909f56bfc062723c751e8b465ee728b)
Start importing Assets/Audio/VoiceGuide/Numbers/7.mp3 using Guid(cff6a63f226190141899dcc0dd22e77e) Importer(815301076,1909f56bfc062723c751e8b465ee728b)  -> (artifact id: '74fb1e8e054ecbed65e2090db956bbfb') in 0.024644 seconds 
  Import took 0.031477 seconds .

========================================================================
Received Import Request.
  Time since last request: 0.000315 seconds.
  path: Assets/Audio/VoiceGuide/Numbers/4.mp3
  artifactKey: Guid(bd121119ab2950d48951f9f2731c79fc) Importer(815301076,1909f56bfc062723c751e8b465ee728b)
Start importing Assets/Audio/VoiceGuide/Numbers/4.mp3 using Guid(bd121119ab2950d48951f9f2731c79fc) Importer(815301076,1909f56bfc062723c751e8b465ee728b)  -> (artifact id: 'a938fe097eea4ccdda867068d6f0b66b') in 0.029405 seconds 
  Import took 0.034708 seconds .

========================================================================
Received Import Request.
  Time since last request: 0.000357 seconds.
  path: Assets/Audio/VoiceGuide/Numbers/3.mp3
  artifactKey: Guid(f6595f7ffc9962a4088a41e54b9e6901) Importer(815301076,1909f56bfc062723c751e8b465ee728b)
Start importing Assets/Audio/VoiceGuide/Numbers/3.mp3 using Guid(f6595f7ffc9962a4088a41e54b9e6901) Importer(815301076,1909f56bfc062723c751e8b465ee728b)  -> (artifact id: '345554cb5b7507ca74c8724c432f6658') in 0.027784 seconds 
  Import took 0.033509 seconds .

========================================================================
Received Import Request.
  Time since last request: 0.000456 seconds.
  path: Assets/Audio/VoiceGuide/Numbers/2.mp3
  artifactKey: Guid(c904ad8f02fc6af4bb5a6c2a525a3084) Importer(815301076,1909f56bfc062723c751e8b465ee728b)
Start importing Assets/Audio/VoiceGuide/Numbers/2.mp3 using Guid(c904ad8f02fc6af4bb5a6c2a525a3084) Importer(815301076,1909f56bfc062723c751e8b465ee728b)  -> (artifact id: 'd317462b44e933f8ceae489cec367940') in 0.029384 seconds 
  Import took 0.036283 seconds .

========================================================================
Received Import Request.
  Time since last request: 0.000322 seconds.
  path: Assets/Audio/VoiceGuide/Numbers/6.mp3
  artifactKey: Guid(8f2fa9aa2e600e144ba3efbf81d7a06f) Importer(815301076,1909f56bfc062723c751e8b465ee728b)
Start importing Assets/Audio/VoiceGuide/Numbers/6.mp3 using Guid(8f2fa9aa2e600e144ba3efbf81d7a06f) Importer(815301076,1909f56bfc062723c751e8b465ee728b)  -> (artifact id: '3e52606524e004b44206ff1ed136095f') in 0.030048 seconds 
  Import took 0.035612 seconds .

========================================================================
Received Import Request.
  Time since last request: 0.000302 seconds.
  path: Assets/Audio/VoiceGuide/Numbers/8.mp3
  artifactKey: Guid(f253a1e769dc8aa428e76dd60d03139a) Importer(815301076,1909f56bfc062723c751e8b465ee728b)
Start importing Assets/Audio/VoiceGuide/Numbers/8.mp3 using Guid(f253a1e769dc8aa428e76dd60d03139a) Importer(815301076,1909f56bfc062723c751e8b465ee728b)  -> (artifact id: '92181044d8cbcf8371f71d93f8a3b2a5') in 0.026066 seconds 
  Import took 0.031266 seconds .

========================================================================
Received Import Request.
  Time since last request: 3.171101 seconds.
  path: Assets/Audio/BG_Music-Freja_Lundbaek.wav
  artifactKey: Guid(b7e3d46fb76f74c81b6a5bdd77025ae8) Importer(815301076,1909f56bfc062723c751e8b465ee728b)
Start importing Assets/Audio/BG_Music-Freja_Lundbaek.wav using Guid(b7e3d46fb76f74c81b6a5bdd77025ae8) Importer(815301076,1909f56bfc062723c751e8b465ee728b)  -> (artifact id: '8eaa015ed1ea1d1ca3a11bf92ca01dc3') in 0.040196 seconds 
  Import took 0.046211 seconds .

========================================================================
Received Import Request.
  Time since last request: 0.000282 seconds.
  path: Assets/Audio/Correct.mp3
  artifactKey: Guid(f9d95052f323f7346a3671f11d2eded9) Importer(815301076,1909f56bfc062723c751e8b465ee728b)
Start importing Assets/Audio/Correct.mp3 using Guid(f9d95052f323f7346a3671f11d2eded9) Importer(815301076,1909f56bfc062723c751e8b465ee728b)  -> (artifact id: 'fc15bc0a966e5327c77c3e070e0723dc') in 0.028182 seconds 
  Import took 0.034129 seconds .

========================================================================
Received Import Request.
  Time since last request: 0.000336 seconds.
  path: Assets/Audio/SFX/Percussive Elements-08.wav
  artifactKey: Guid(df7ed6e88bd949a4ab597a617f524e45) Importer(815301076,1909f56bfc062723c751e8b465ee728b)
Start importing Assets/Audio/SFX/Percussive Elements-08.wav using Guid(df7ed6e88bd949a4ab597a617f524e45) Importer(815301076,1909f56bfc062723c751e8b465ee728b)  -> (artifact id: 'adfc1cefe44019525dfd91fd2b8b0c77') in 0.036792 seconds 
  Import took 0.041956 seconds .

========================================================================
Received Import Request.
  Time since last request: 0.000331 seconds.
  path: Assets/Audio/SFX/TX81Z - Papal Bell-C1.wav
  artifactKey: Guid(220ade0cbba1cab4cb8af3cc3b9f9ebd) Importer(815301076,1909f56bfc062723c751e8b465ee728b)
Start importing Assets/Audio/SFX/TX81Z - Papal Bell-C1.wav using Guid(220ade0cbba1cab4cb8af3cc3b9f9ebd) Importer(815301076,1909f56bfc062723c751e8b465ee728b)  -> (artifact id: 'dda2808d6ba240c6eaa2365466b018b2') in 0.028023 seconds 
  Import took 0.034319 seconds .

========================================================================
Received Import Request.
  Time since last request: 0.000483 seconds.
  path: Assets/Audio/VoiceGuide/Characters/C.mp3
  artifactKey: Guid(738ea8610e9d64645a5100d018a8524e) Importer(815301076,1909f56bfc062723c751e8b465ee728b)
Start importing Assets/Audio/VoiceGuide/Characters/C.mp3 using Guid(738ea8610e9d64645a5100d018a8524e) Importer(815301076,1909f56bfc062723c751e8b465ee728b)  -> (artifact id: '2a3ac5c51f11484da2b97d1834abc67f') in 0.027555 seconds 
  Import took 0.032874 seconds .

========================================================================
Received Import Request.
  Time since last request: 0.000321 seconds.
  path: Assets/Audio/Chime.mp3
  artifactKey: Guid(f1feb8d77ba6ff7498b10c6e5e427538) Importer(815301076,1909f56bfc062723c751e8b465ee728b)
Start importing Assets/Audio/Chime.mp3 using Guid(f1feb8d77ba6ff7498b10c6e5e427538) Importer(815301076,1909f56bfc062723c751e8b465ee728b)  -> (artifact id: '972c7c115382482748ebadab909193eb') in 0.027755 seconds 
  Import took 0.032756 seconds .

========================================================================
Received Import Request.
  Time since last request: 0.000297 seconds.
  path: Assets/Audio/Tutorial/Congrats.mp3
  artifactKey: Guid(4c6754fee35f0e44a850ddcfed856652) Importer(815301076,1909f56bfc062723c751e8b465ee728b)
Start importing Assets/Audio/Tutorial/Congrats.mp3 using Guid(4c6754fee35f0e44a850ddcfed856652) Importer(815301076,1909f56bfc062723c751e8b465ee728b)  -> (artifact id: '7f28e7b680a309961c8d95917bf7e662') in 0.029755 seconds 
  Import took 0.035215 seconds .

========================================================================
Received Import Request.
  Time since last request: 0.000316 seconds.
  path: Assets/Audio/Click.mp3
  artifactKey: Guid(cecdb0a2733f1d8449d0a2c46bc8471b) Importer(815301076,1909f56bfc062723c751e8b465ee728b)
Start importing Assets/Audio/Click.mp3 using Guid(cecdb0a2733f1d8449d0a2c46bc8471b) Importer(815301076,1909f56bfc062723c751e8b465ee728b)  -> (artifact id: '4a1cce6732a0724be43983bccf19369c') in 0.035593 seconds 
  Import took 0.041555 seconds .

========================================================================
Received Import Request.
  Time since last request: 5.727278 seconds.
  path: Assets/Audio/Error.mp3
  artifactKey: Guid(e56a860e76b53e24885d8d086cdc8a33) Importer(815301076,1909f56bfc062723c751e8b465ee728b)
Start importing Assets/Audio/Error.mp3 using Guid(e56a860e76b53e24885d8d086cdc8a33) Importer(815301076,1909f56bfc062723c751e8b465ee728b)  -> (artifact id: '6a99c6219791619f2416219accdb6c00') in 0.028670 seconds 
  Import took 0.034593 seconds .

========================================================================
Received Import Request.
  Time since last request: 5.309207 seconds.
  path: Assets/Audio/VoiceGuide/Characters/A.mp3
  artifactKey: Guid(c308ef3670a678740afa19fe8492387d) Importer(815301076,1909f56bfc062723c751e8b465ee728b)
Start importing Assets/Audio/VoiceGuide/Characters/A.mp3 using Guid(c308ef3670a678740afa19fe8492387d) Importer(815301076,1909f56bfc062723c751e8b465ee728b)  -> (artifact id: '84426e2188e88686f7ae7e82cdde19e8') in 0.027096 seconds 
  Import took 0.032924 seconds .

========================================================================
Received Import Request.
  Time since last request: 0.000338 seconds.
  path: Assets/Audio/SFX/Alt_Wrong_Hit2.wav
  artifactKey: Guid(24fa9322e4e7242478050eaa9d539072) Importer(815301076,1909f56bfc062723c751e8b465ee728b)
Start importing Assets/Audio/SFX/Alt_Wrong_Hit2.wav using Guid(24fa9322e4e7242478050eaa9d539072) Importer(815301076,1909f56bfc062723c751e8b465ee728b)  -> (artifact id: 'a219bb6e95429eef0d7ecfd232fc7c03') in 0.037433 seconds 
  Import took 0.044117 seconds .

========================================================================
Received Import Request.
  Time since last request: 0.000319 seconds.
  path: Assets/Audio/OriginalFanfare.wav
  artifactKey: Guid(68455ca0a959e4d449fe4618ee216e8e) Importer(815301076,1909f56bfc062723c751e8b465ee728b)
Start importing Assets/Audio/OriginalFanfare.wav using Guid(68455ca0a959e4d449fe4618ee216e8e) Importer(815301076,1909f56bfc062723c751e8b465ee728b)  -> (artifact id: '109d9402a2b21f01215f66c1ec378e0b') in 0.037553 seconds 
  Import took 0.042814 seconds .

========================================================================
Received Import Request.
  Time since last request: 0.000331 seconds.
  path: Assets/Audio/Tutorial/A2.mp3
  artifactKey: Guid(9e954e595cb8e8c4b9074d267eb30180) Importer(815301076,1909f56bfc062723c751e8b465ee728b)
Start importing Assets/Audio/Tutorial/A2.mp3 using Guid(9e954e595cb8e8c4b9074d267eb30180) Importer(815301076,1909f56bfc062723c751e8b465ee728b)  -> (artifact id: 'fbb9b3529c1b1727afc526f799ac4928') in 0.026779 seconds 
  Import took 0.031463 seconds .

========================================================================
Received Import Request.
  Time since last request: 0.000297 seconds.
  path: Assets/Audio/Tutorial/A1.mp3
  artifactKey: Guid(ad69d67b092979e4a91299e795f13a53) Importer(815301076,1909f56bfc062723c751e8b465ee728b)
Start importing Assets/Audio/Tutorial/A1.mp3 using Guid(ad69d67b092979e4a91299e795f13a53) Importer(815301076,1909f56bfc062723c751e8b465ee728b)  -> (artifact id: 'b344390b931b6fe7156c8fdcdbe08bcb') in 0.029257 seconds 
  Import took 0.035078 seconds .

========================================================================
Received Import Request.
  Time since last request: 0.000311 seconds.
  path: Assets/Audio/SFX/Alt_Wrong_Hit1.wav
  artifactKey: Guid(899607aaff3c345418307cbb38a0f853) Importer(815301076,1909f56bfc062723c751e8b465ee728b)
Start importing Assets/Audio/SFX/Alt_Wrong_Hit1.wav using Guid(899607aaff3c345418307cbb38a0f853) Importer(815301076,1909f56bfc062723c751e8b465ee728b)  -> (artifact id: '55733e71bbbf48c5ca640f92c7647a0f') in 0.039470 seconds 
  Import took 0.044990 seconds .

========================================================================
Received Import Request.
  Time since last request: 8.975284 seconds.
  path: Assets/Audio/VoiceGuide/Characters/B.mp3
  artifactKey: Guid(581e27e96170e3a49a7012e938181f42) Importer(815301076,1909f56bfc062723c751e8b465ee728b)
Start importing Assets/Audio/VoiceGuide/Characters/B.mp3 using Guid(581e27e96170e3a49a7012e938181f42) Importer(815301076,1909f56bfc062723c751e8b465ee728b)  -> (artifact id: 'af0b2c499fb3ada63d07165e91990bc6') in 0.033247 seconds 
  Import took 0.038405 seconds .

========================================================================
Received Import Request.
  Time since last request: 0.000323 seconds.
  path: Assets/Audio/SFX/TX81Z - Papal Bell-C2.wav
  artifactKey: Guid(7f9fbfdac82d60344b8bce7c4c2b90e5) Importer(815301076,1909f56bfc062723c751e8b465ee728b)
Start importing Assets/Audio/SFX/TX81Z - Papal Bell-C2.wav using Guid(7f9fbfdac82d60344b8bce7c4c2b90e5) Importer(815301076,1909f56bfc062723c751e8b465ee728b)  -> (artifact id: 'b654f5c5fc55c535ebd8654ed074a74c') in 0.028695 seconds 
  Import took 0.033978 seconds .

========================================================================
Received Import Request.
  Time since last request: 0.000411 seconds.
  path: Assets/Audio/SFX/TX81Z - Papal Bell-C3.wav
  artifactKey: Guid(9798c0b9d14c94942a2f4cff05301c45) Importer(815301076,1909f56bfc062723c751e8b465ee728b)
Start importing Assets/Audio/SFX/TX81Z - Papal Bell-C3.wav using Guid(9798c0b9d14c94942a2f4cff05301c45) Importer(815301076,1909f56bfc062723c751e8b465ee728b)  -> (artifact id: '83a0c2faf691a44f42178f255b229ce7') in 0.025114 seconds 
  Import took 0.030498 seconds .

========================================================================
Received Import Request.
  Time since last request: 0.000314 seconds.
  path: Assets/Audio/Tutorial/B2.mp3
  artifactKey: Guid(f574ec3c605a2d44887154eebbb25dbf) Importer(815301076,1909f56bfc062723c751e8b465ee728b)
Start importing Assets/Audio/Tutorial/B2.mp3 using Guid(f574ec3c605a2d44887154eebbb25dbf) Importer(815301076,1909f56bfc062723c751e8b465ee728b)  -> (artifact id: '7c1b9a97bda35ede88b6da1963e32873') in 0.026371 seconds 
  Import took 0.032058 seconds .

========================================================================
Received Import Request.
  Time since last request: 0.000335 seconds.
  path: Assets/Audio/SFX/ButtonHit.wav
  artifactKey: Guid(f743d4dde6235d34d9744128ca9ee010) Importer(815301076,1909f56bfc062723c751e8b465ee728b)
Start importing Assets/Audio/SFX/ButtonHit.wav using Guid(f743d4dde6235d34d9744128ca9ee010) Importer(815301076,1909f56bfc062723c751e8b465ee728b)  -> (artifact id: '805adc59669ab3f1021a5f88244831f7') in 0.036583 seconds 
  Import took 0.042111 seconds .

========================================================================
Received Import Request.
  Time since last request: 0.000287 seconds.
  path: Assets/Audio/Tutorial/B1.mp3
  artifactKey: Guid(90ac81e8d404ceb4caf63f1f8159fc56) Importer(815301076,1909f56bfc062723c751e8b465ee728b)
Start importing Assets/Audio/Tutorial/B1.mp3 using Guid(90ac81e8d404ceb4caf63f1f8159fc56) Importer(815301076,1909f56bfc062723c751e8b465ee728b)  -> (artifact id: '65676397b338ad3f70adb3ba286531ed') in 0.029890 seconds 
  Import took 0.034855 seconds .

========================================================================
Received Prepare
Registering precompiled user dll's ...
Registered in 0.011605 seconds.
Begin MonoManager ReloadAssembly
Native extension for WindowsStandalone target not found
Native extension for WebGL target not found
Refreshing native plugins compatible for Editor in 1.22 ms, found 2 plugins.
Preloading 0 native plugins for Editor in 0.00 ms.
Mono: successfully reloaded assembly
- Completed reload, in  1.366 seconds
Domain Reload Profiling:
	ReloadAssembly (1367ms)
		BeginReloadAssembly (165ms)
			ExecutionOrderSort (0ms)
			DisableScriptedObjects (7ms)
			BackupInstance (0ms)
			ReleaseScriptingObjects (0ms)
			CreateAndSetChildDomain (53ms)
		EndReloadAssembly (1095ms)
			LoadAssemblies (142ms)
			RebuildTransferFunctionScriptingTraits (0ms)
			SetupTypeCache (337ms)
			ReleaseScriptCaches (2ms)
			RebuildScriptCaches (53ms)
			SetupLoadedEditorAssemblies (457ms)
				LogAssemblyErrors (0ms)
				InitializePlatformSupportModulesInManaged (9ms)
				SetLoadedEditorAssemblies (1ms)
				RefreshPlugins (1ms)
				BeforeProcessingInitializeOnLoad (104ms)
				ProcessInitializeOnLoadAttributes (249ms)
				ProcessInitializeOnLoadMethodAttributes (83ms)
				AfterProcessingInitializeOnLoad (10ms)
				EditorAssembliesLoaded (0ms)
			ExecutionOrderSort2 (0ms)
			AwakeInstancesAfterBackupRestoration (9ms)
Platform modules already initialized, skipping
Refreshing native plugins compatible for Editor in 1.29 ms, found 2 plugins.
Preloading 0 native plugins for Editor in 0.00 ms.
Unloading 2327 Unused Serialized files (Serialized files now loaded: 0)
System memory in use before: 94.6 MB.
System memory in use after: 94.8 MB.

Unloading 52 unused Assets to reduce memory usage. Loaded Objects now: 2751.
Total: 7.724300 ms (FindLiveObjects: 0.249200 ms CreateObjectMapping: 0.067100 ms MarkObjects: 7.343600 ms  DeleteObjects: 0.062700 ms)

AssetImportParameters requested are different than current active one (requested -> active):
  custom:framework-win-MediaFoundation: 216162199b28c13a410421893ffa2e32 -> 
  custom:video-decoder-ogg-theora: a1e56fd34408186e4bbccfd4996cb3dc -> 
  custom:container-muxer-webm: aa71ff27fc2769a1b78a27578f13a17b -> 
  custom:container-demuxer-webm: 4f35f7cbe854078d1ac9338744f61a02 -> 
  custom:container-demuxer-ogg: 62fdf1f143b41e24485cea50d1cbac27 -> 
  custom:video-encoder-webm-vp8: eb34c28f22e8b96e1ab97ce403110664 -> 
  custom:video-decoder-webm-vp8: 9c59270c3fd7afecdb556c50c9e8de78 -> 
  custom:audio-decoder-ogg-vorbis: bf7c407c2cedff20999df2af8eb42d56 -> 
  custom:audio-encoder-webm-vorbis: bf7c407c2cedff20999df2af8eb42d56 -> 
========================================================================
Received Import Request.
  Time since last request: 284.065417 seconds.
  path: Assets/Scripts/SettingsScreen.cs
  artifactKey: Guid(3d6b592a5ad27e641802777c30da5010) Importer(815301076,1909f56bfc062723c751e8b465ee728b)
Start importing Assets/Scripts/SettingsScreen.cs using Guid(3d6b592a5ad27e641802777c30da5010) Importer(815301076,1909f56bfc062723c751e8b465ee728b)  -> (artifact id: 'db3d70c15da09b8a922b190b79d9bf81') in 0.028594 seconds 
  Import took 0.035685 seconds .

========================================================================
Received Prepare
Registering precompiled user dll's ...
Registered in 0.010303 seconds.
Begin MonoManager ReloadAssembly
Native extension for WindowsStandalone target not found
Native extension for WebGL target not found
Refreshing native plugins compatible for Editor in 0.97 ms, found 2 plugins.
Preloading 0 native plugins for Editor in 0.00 ms.
Mono: successfully reloaded assembly
- Completed reload, in  1.389 seconds
Domain Reload Profiling:
	ReloadAssembly (1390ms)
		BeginReloadAssembly (159ms)
			ExecutionOrderSort (0ms)
			DisableScriptedObjects (7ms)
			BackupInstance (0ms)
			ReleaseScriptingObjects (0ms)
			CreateAndSetChildDomain (47ms)
		EndReloadAssembly (1149ms)
			LoadAssemblies (139ms)
			RebuildTransferFunctionScriptingTraits (0ms)
			SetupTypeCache (352ms)
			ReleaseScriptCaches (2ms)
			RebuildScriptCaches (56ms)
			SetupLoadedEditorAssemblies (489ms)
				LogAssemblyErrors (0ms)
				InitializePlatformSupportModulesInManaged (9ms)
				SetLoadedEditorAssemblies (1ms)
				RefreshPlugins (1ms)
				BeforeProcessingInitializeOnLoad (95ms)
				ProcessInitializeOnLoadAttributes (290ms)
				ProcessInitializeOnLoadMethodAttributes (83ms)
				AfterProcessingInitializeOnLoad (10ms)
				EditorAssembliesLoaded (0ms)
			ExecutionOrderSort2 (0ms)
			AwakeInstancesAfterBackupRestoration (9ms)
Platform modules already initialized, skipping
Refreshing native plugins compatible for Editor in 0.99 ms, found 2 plugins.
Preloading 0 native plugins for Editor in 0.00 ms.
Unloading 2327 Unused Serialized files (Serialized files now loaded: 0)
System memory in use before: 94.6 MB.
System memory in use after: 94.8 MB.

Unloading 50 unused Assets to reduce memory usage. Loaded Objects now: 2754.
Total: 8.559900 ms (FindLiveObjects: 0.273700 ms CreateObjectMapping: 0.082100 ms MarkObjects: 8.157000 ms  DeleteObjects: 0.045500 ms)

AssetImportParameters requested are different than current active one (requested -> active):
  custom:framework-win-MediaFoundation: 216162199b28c13a410421893ffa2e32 -> 
  custom:video-decoder-ogg-theora: a1e56fd34408186e4bbccfd4996cb3dc -> 
  custom:container-muxer-webm: aa71ff27fc2769a1b78a27578f13a17b -> 
  custom:container-demuxer-webm: 4f35f7cbe854078d1ac9338744f61a02 -> 
  custom:container-demuxer-ogg: 62fdf1f143b41e24485cea50d1cbac27 -> 
  custom:video-encoder-webm-vp8: eb34c28f22e8b96e1ab97ce403110664 -> 
  custom:video-decoder-webm-vp8: 9c59270c3fd7afecdb556c50c9e8de78 -> 
  custom:audio-decoder-ogg-vorbis: bf7c407c2cedff20999df2af8eb42d56 -> 
  custom:audio-encoder-webm-vorbis: bf7c407c2cedff20999df2af8eb42d56 -> 
========================================================================
Received Import Request.
  Time since last request: 218.728546 seconds.
  path: Assets/Sprites/GUI/accessibility.png
  artifactKey: Guid(170fbf307b5b7465999fa50a6aa0fea7) Importer(815301076,1909f56bfc062723c751e8b465ee728b)
Start importing Assets/Sprites/GUI/accessibility.png using Guid(170fbf307b5b7465999fa50a6aa0fea7) Importer(815301076,1909f56bfc062723c751e8b465ee728b)  -> (artifact id: '08b19e2937431ccbbb49639963e3178c') in 0.118870 seconds 
  Import took 0.125395 seconds .

========================================================================
Received Import Request.
  Time since last request: 0.000286 seconds.
  path: Assets/Sprites/viz/aggregate-training.png
  artifactKey: Guid(1bb583ce386e24a7fbd8bcdfe95e16c6) Importer(815301076,1909f56bfc062723c751e8b465ee728b)
Start importing Assets/Sprites/viz/aggregate-training.png using Guid(1bb583ce386e24a7fbd8bcdfe95e16c6) Importer(815301076,1909f56bfc062723c751e8b465ee728b)  -> (artifact id: '0e60a9c3fc826c057c7f56e1a980268c') in 0.049528 seconds 
  Import took 0.055071 seconds .

========================================================================
Received Import Request.
  Time since last request: 0.000300 seconds.
  path: Assets/Sprites/ArrowVignette.png
  artifactKey: Guid(8bbb88a330a424e40ad6a398b53dc613) Importer(815301076,1909f56bfc062723c751e8b465ee728b)
Start importing Assets/Sprites/ArrowVignette.png using Guid(8bbb88a330a424e40ad6a398b53dc613) Importer(815301076,1909f56bfc062723c751e8b465ee728b)  -> (artifact id: '13977c80fe0f8b59434788373aca863c') in 0.036047 seconds 
  Import took 0.041390 seconds .

========================================================================
Received Import Request.
  Time since last request: 0.000354 seconds.
  path: Assets/Sprites/viz/aggregate-reactiontime.png
  artifactKey: Guid(0f6cfdf7f80164898be746c766e2431e) Importer(815301076,1909f56bfc062723c751e8b465ee728b)
Start importing Assets/Sprites/viz/aggregate-reactiontime.png using Guid(0f6cfdf7f80164898be746c766e2431e) Importer(815301076,1909f56bfc062723c751e8b465ee728b)  -> (artifact id: 'd04f204cb34414fd5df988f00483f698') in 0.062294 seconds 
  Import took 0.067700 seconds .

========================================================================
Received Import Request.
  Time since last request: 0.000275 seconds.
  path: Assets/Sprites/Backgrounds/background-0_expanded.png
  artifactKey: Guid(34e5ff06a91b34744984f5099ad551ff) Importer(815301076,1909f56bfc062723c751e8b465ee728b)
Start importing Assets/Sprites/Backgrounds/background-0_expanded.png using Guid(34e5ff06a91b34744984f5099ad551ff) Importer(815301076,1909f56bfc062723c751e8b465ee728b)  -> (artifact id: 'd3553fd8180ac447268d62caf9908316') in 0.051053 seconds 
  Import took 0.056073 seconds .

========================================================================
Received Import Request.
  Time since last request: 0.000351 seconds.
  path: Assets/Sprites/Backgrounds/background-0.png
  artifactKey: Guid(9680836e0cd6c4d0d8a07691d2bf8384) Importer(815301076,1909f56bfc062723c751e8b465ee728b)
Start importing Assets/Sprites/Backgrounds/background-0.png using Guid(9680836e0cd6c4d0d8a07691d2bf8384) Importer(815301076,1909f56bfc062723c751e8b465ee728b)  -> (artifact id: '39d84f3939085bf655a8c9d03b59226f') in 0.051304 seconds 
  Import took 0.057415 seconds .

========================================================================
Received Import Request.
  Time since last request: 0.000333 seconds.
  path: Assets/Sprites/viz/aggregate-hits.png
  artifactKey: Guid(4f55091a968e648488e5d9e9efb89a31) Importer(815301076,1909f56bfc062723c751e8b465ee728b)
Start importing Assets/Sprites/viz/aggregate-hits.png using Guid(4f55091a968e648488e5d9e9efb89a31) Importer(815301076,1909f56bfc062723c751e8b465ee728b)  -> (artifact id: '55fd217acee00874de6f62eee9bc1744') in 0.054508 seconds 
  Import took 0.059868 seconds .

========================================================================
Received Import Request.
  Time since last request: 0.000286 seconds.
  path: Assets/Sprites/Arrow.png
  artifactKey: Guid(4c64a1a7bcb6137448fcef5b36b69f70) Importer(815301076,1909f56bfc062723c751e8b465ee728b)
Start importing Assets/Sprites/Arrow.png using Guid(4c64a1a7bcb6137448fcef5b36b69f70) Importer(815301076,1909f56bfc062723c751e8b465ee728b)  -> (artifact id: 'b53d2b891c7694b6e2be7baede3b245b') in 0.032628 seconds 
  Import took 0.038621 seconds .

========================================================================
Received Import Request.
  Time since last request: 2.885534 seconds.
  path: Assets/Sprites/Backgrounds/background-1.png
  artifactKey: Guid(3aff87dc6fab74ef9a04810acff2e6a6) Importer(815301076,1909f56bfc062723c751e8b465ee728b)
Start importing Assets/Sprites/Backgrounds/background-1.png using Guid(3aff87dc6fab74ef9a04810acff2e6a6) Importer(815301076,1909f56bfc062723c751e8b465ee728b)  -> (artifact id: '61645818e5f59f7bb03bd50243b05865') in 0.061340 seconds 
  Import took 0.066183 seconds .

========================================================================
Received Import Request.
  Time since last request: 0.000273 seconds.
  path: Assets/Sprites/baneArrow.png
  artifactKey: Guid(27bb10cc49b754d1d91ba3e7194bfe11) Importer(815301076,1909f56bfc062723c751e8b465ee728b)
Start importing Assets/Sprites/baneArrow.png using Guid(27bb10cc49b754d1d91ba3e7194bfe11) Importer(815301076,1909f56bfc062723c751e8b465ee728b)  -> (artifact id: '5d5b28238c4bbadc3bd8e2b3746977c3') in 0.031038 seconds 
  Import took 0.036475 seconds .

========================================================================
Received Import Request.
  Time since last request: 0.000367 seconds.
  path: Assets/Sprites/Backgrounds/background-3.png
  artifactKey: Guid(b324be04f3b4b45faa213cc2d9cd5150) Importer(815301076,1909f56bfc062723c751e8b465ee728b)
Start importing Assets/Sprites/Backgrounds/background-3.png using Guid(b324be04f3b4b45faa213cc2d9cd5150) Importer(815301076,1909f56bfc062723c751e8b465ee728b)  -> (artifact id: '209c0734a5116edeb7b6d49c5f0788cd') in 0.045886 seconds 
  Import took 0.051480 seconds .

========================================================================
Received Import Request.
  Time since last request: 0.000343 seconds.
  path: Assets/Sprites/Backgrounds/background-1_expanded.png
  artifactKey: Guid(af3bfdd9234e44981928c3a439d03e78) Importer(815301076,1909f56bfc062723c751e8b465ee728b)
Start importing Assets/Sprites/Backgrounds/background-1_expanded.png using Guid(af3bfdd9234e44981928c3a439d03e78) Importer(815301076,1909f56bfc062723c751e8b465ee728b)  -> (artifact id: '6ac32d85910b418aa82b7891dcd61215') in 0.046026 seconds 
  Import took 0.051602 seconds .

========================================================================
Received Import Request.
  Time since last request: 0.000265 seconds.
  path: Assets/Sprites/Backgrounds/background-4.png
  artifactKey: Guid(f1a5e43ab081341fab377e8568ed2363) Importer(815301076,1909f56bfc062723c751e8b465ee728b)
Start importing Assets/Sprites/Backgrounds/background-4.png using Guid(f1a5e43ab081341fab377e8568ed2363) Importer(815301076,1909f56bfc062723c751e8b465ee728b)  -> (artifact id: 'a36b71413dbc3c08f48599a3cbacd66d') in 0.048229 seconds 
  Import took 0.053368 seconds .

========================================================================
Received Import Request.
  Time since last request: 1.260007 seconds.
  path: Assets/Sprites/GUI/Settings/buttonFra2.png
  artifactKey: Guid(8bb35a8324bad57408a2c29ca9ff1abd) Importer(815301076,1909f56bfc062723c751e8b465ee728b)
Start importing Assets/Sprites/GUI/Settings/buttonFra2.png using Guid(8bb35a8324bad57408a2c29ca9ff1abd) Importer(815301076,1909f56bfc062723c751e8b465ee728b)  -> (artifact id: '8526843171d6a542d36b2a0e6477e4ab') in 0.026772 seconds 
  Import took 0.031303 seconds .

========================================================================
Received Import Request.
  Time since last request: 6.944617 seconds.
  path: Packages/com.unity.collab-proxy/Editor/PlasticSCM/Assets/Images/buttonssosigninemail.png
  artifactKey: Guid(d24e7e0b75e1a244bb9687d6fd4315ef) Importer(815301076,1909f56bfc062723c751e8b465ee728b)
Start importing Packages/com.unity.collab-proxy/Editor/PlasticSCM/Assets/Images/buttonssosigninemail.png using Guid(d24e7e0b75e1a244bb9687d6fd4315ef) Importer(815301076,1909f56bfc062723c751e8b465ee728b)  -> (artifact id: '057b6a1037451dbd6e24b9053ecbbb1d') in 0.042904 seconds 
  Import took 0.048467 seconds .

========================================================================
Received Import Request.
  Time since last request: 0.000292 seconds.
  path: Packages/com.unity.collab-proxy/Editor/PlasticSCM/Assets/Images/d_buttonssosigninemail.png
  artifactKey: Guid(3086d66a563317b40a20a20da2c64ac0) Importer(815301076,1909f56bfc062723c751e8b465ee728b)
Start importing Packages/com.unity.collab-proxy/Editor/PlasticSCM/Assets/Images/d_buttonssosigninemail.png using Guid(3086d66a563317b40a20a20da2c64ac0) Importer(815301076,1909f56bfc062723c751e8b465ee728b)  -> (artifact id: '961ce4eb492c21f36f8d939d8001c5c6') in 0.042598 seconds 
  Import took 0.047482 seconds .

========================================================================
Received Import Request.
  Time since last request: 0.000311 seconds.
  path: Packages/com.unity.collab-proxy/Editor/PlasticSCM/Assets/Images/d_buttonssosigninemail@2x.png
  artifactKey: Guid(144aa74618b85974a9a50f612c2fa8fd) Importer(815301076,1909f56bfc062723c751e8b465ee728b)
Start importing Packages/com.unity.collab-proxy/Editor/PlasticSCM/Assets/Images/d_buttonssosigninemail@2x.png using Guid(144aa74618b85974a9a50f612c2fa8fd) Importer(815301076,1909f56bfc062723c751e8b465ee728b)  -> (artifact id: '90f7778df4266e3198bad79527b89b4f') in 0.046914 seconds 
  Import took 0.052452 seconds .

========================================================================
Received Import Request.
  Time since last request: 0.000305 seconds.
  path: Assets/Sprites/GUI/Settings/buttonTil2.png
  artifactKey: Guid(3f2e989e41f188541adbf1991f2d5ef3) Importer(815301076,1909f56bfc062723c751e8b465ee728b)
Start importing Assets/Sprites/GUI/Settings/buttonTil2.png using Guid(3f2e989e41f188541adbf1991f2d5ef3) Importer(815301076,1909f56bfc062723c751e8b465ee728b)  -> (artifact id: '727587798ca3e91f9e9cf16306a460ad') in 0.043437 seconds 
  Import took 0.048800 seconds .

========================================================================
Received Import Request.
  Time since last request: 0.000309 seconds.
  path: Packages/com.unity.collab-proxy/Editor/PlasticSCM/Assets/Images/buttonssosigninunity.png
  artifactKey: Guid(f9161c6c9e06dc445ada3ee16d991f90) Importer(815301076,1909f56bfc062723c751e8b465ee728b)
Start importing Packages/com.unity.collab-proxy/Editor/PlasticSCM/Assets/Images/buttonssosigninunity.png using Guid(f9161c6c9e06dc445ada3ee16d991f90) Importer(815301076,1909f56bfc062723c751e8b465ee728b)  -> (artifact id: '2095d338518b3e9aa4dd3f92938fceb5') in 0.053931 seconds 
  Import took 0.059091 seconds .

========================================================================
Received Import Request.
  Time since last request: 0.000307 seconds.
  path: Packages/com.unity.collab-proxy/Editor/PlasticSCM/Assets/Images/buttonssosigninemail@2x.png
  artifactKey: Guid(ddf2e76e8a1f88f46ae1e42277850b48) Importer(815301076,1909f56bfc062723c751e8b465ee728b)
Start importing Packages/com.unity.collab-proxy/Editor/PlasticSCM/Assets/Images/buttonssosigninemail@2x.png using Guid(ddf2e76e8a1f88f46ae1e42277850b48) Importer(815301076,1909f56bfc062723c751e8b465ee728b)  -> (artifact id: '287180628ae140389622399999fe4d18') in 0.045098 seconds 
  Import took 0.051723 seconds .

========================================================================
Received Import Request.
  Time since last request: 0.000338 seconds.
  path: Packages/com.unity.collab-proxy/Editor/PlasticSCM/Assets/Images/buttonssosigningoogle.png
  artifactKey: Guid(f09eae8c0ea04254b90c5386a034a225) Importer(815301076,1909f56bfc062723c751e8b465ee728b)
Start importing Packages/com.unity.collab-proxy/Editor/PlasticSCM/Assets/Images/buttonssosigningoogle.png using Guid(f09eae8c0ea04254b90c5386a034a225) Importer(815301076,1909f56bfc062723c751e8b465ee728b)  -> (artifact id: 'b1d364013f1994bf8810c313a6a782a7') in 0.046909 seconds 
  Import took 0.051996 seconds .

========================================================================
Received Import Request.
  Time since last request: 187.811229 seconds.
  path: Assets/Sprites/GUI/selectedButton.png
  artifactKey: Guid(2a990253a62d64f4c86349aedc80112c) Importer(815301076,1909f56bfc062723c751e8b465ee728b)
Start importing Assets/Sprites/GUI/selectedButton.png using Guid(2a990253a62d64f4c86349aedc80112c) Importer(815301076,1909f56bfc062723c751e8b465ee728b)  -> (artifact id: 'f04fa566bf603dfd0c710664b7cb4a93') in 0.032997 seconds 
  Import took 0.039104 seconds .

========================================================================
Received Import Request.
  Time since last request: 6.503892 seconds.
  path: Assets/Sprites/GUI/primaryButton.png
  artifactKey: Guid(00254d0ccd0a140cc808c47d0b900e64) Importer(815301076,1909f56bfc062723c751e8b465ee728b)
Start importing Assets/Sprites/GUI/primaryButton.png using Guid(00254d0ccd0a140cc808c47d0b900e64) Importer(815301076,1909f56bfc062723c751e8b465ee728b)  -> (artifact id: 'cbe3624afb97b5e06ef07f494c7de361') in 0.030761 seconds 
  Import took 0.037596 seconds .

========================================================================
Received Import Request.
  Time since last request: 88.204700 seconds.
  path: Assets/Prefabs/Canvas/MenuCanvas.prefab
  artifactKey: Guid(98cafaf4b9a7b4b25a90918e76661ede) Importer(815301076,1909f56bfc062723c751e8b465ee728b)
Start importing Assets/Prefabs/Canvas/MenuCanvas.prefab using Guid(98cafaf4b9a7b4b25a90918e76661ede) Importer(815301076,1909f56bfc062723c751e8b465ee728b)  -> (artifact id: 'eec3496b8d823a90da71284b8c8d5b95') in 0.111360 seconds 
  Import took 0.118027 seconds .

========================================================================
Received Import Request.
  Time since last request: 89.953350 seconds.
  path: Assets/Sprites/GUI/destroyButton.png
  artifactKey: Guid(228ce9445dce64087a1fc0247805faa8) Importer(815301076,1909f56bfc062723c751e8b465ee728b)
Start importing Assets/Sprites/GUI/destroyButton.png using Guid(228ce9445dce64087a1fc0247805faa8) Importer(815301076,1909f56bfc062723c751e8b465ee728b)  -> (artifact id: '369c0b77fa96bc98e7482d7e2c5bd1a5') in 0.045242 seconds 
  Import took 0.051525 seconds .

========================================================================
Received Import Request.
  Time since last request: 395.824452 seconds.
  path: Assets/Sprites/GUI/checkmark_cropped.png
  artifactKey: Guid(7bb350047486e4914bb016ef051e78ad) Importer(815301076,1909f56bfc062723c751e8b465ee728b)
Start importing Assets/Sprites/GUI/checkmark_cropped.png using Guid(7bb350047486e4914bb016ef051e78ad) Importer(815301076,1909f56bfc062723c751e8b465ee728b)  -> (artifact id: '0bd2ceda9efc52954b84861ded95d551') in 0.048458 seconds 
  Import took 0.054302 seconds .

========================================================================
Received Import Request.
  Time since last request: 0.000313 seconds.
  path: Packages/com.unity.collab-proxy/Editor/PlasticSCM/Assets/Images/d_expertbuhoshe.png
  artifactKey: Guid(8325d4ef0a6eb3d43952aff8a06d9f45) Importer(815301076,1909f56bfc062723c751e8b465ee728b)
Start importing Packages/com.unity.collab-proxy/Editor/PlasticSCM/Assets/Images/d_expertbuhoshe.png using Guid(8325d4ef0a6eb3d43952aff8a06d9f45) Importer(815301076,1909f56bfc062723c751e8b465ee728b)  -> (artifact id: '4aa005ecd2d875701cfe8ce9f8a64d5d') in 0.055495 seconds 
  Import took 0.061022 seconds .

========================================================================
Received Import Request.
  Time since last request: 0.000341 seconds.
  path: Packages/com.unity.collab-proxy/Editor/PlasticSCM/Assets/Images/d_expertbuhoshechristmas.png
  artifactKey: Guid(372e7b39fc8f34549ac25d8757965a2c) Importer(815301076,1909f56bfc062723c751e8b465ee728b)
Start importing Packages/com.unity.collab-proxy/Editor/PlasticSCM/Assets/Images/d_expertbuhoshechristmas.png using Guid(372e7b39fc8f34549ac25d8757965a2c) Importer(815301076,1909f56bfc062723c751e8b465ee728b)  -> (artifact id: '39dcea963b31fb30a58d494fc27ba3f8') in 0.044035 seconds 
  Import took 0.049896 seconds .

========================================================================
Received Import Request.
  Time since last request: 0.000315 seconds.
  path: Packages/com.unity.collab-proxy/Editor/PlasticSCM/Assets/Images/d_expertbuhochristmas.png
  artifactKey: Guid(c887ed2a931c29040bc544cd8c546e9f) Importer(815301076,1909f56bfc062723c751e8b465ee728b)
Start importing Packages/com.unity.collab-proxy/Editor/PlasticSCM/Assets/Images/d_expertbuhochristmas.png using Guid(c887ed2a931c29040bc544cd8c546e9f) Importer(815301076,1909f56bfc062723c751e8b465ee728b)  -> (artifact id: 'bd7bd777f689d8b70117381a16befc1c') in 0.044095 seconds 
  Import took 0.049181 seconds .

========================================================================
Received Import Request.
  Time since last request: 0.000312 seconds.
  path: Packages/com.unity.collab-proxy/Editor/PlasticSCM/Assets/Images/d_expertbuho.png
  artifactKey: Guid(13e7e6fe43a8aa049bcd610bbc1f5ff8) Importer(815301076,1909f56bfc062723c751e8b465ee728b)
Start importing Packages/com.unity.collab-proxy/Editor/PlasticSCM/Assets/Images/d_expertbuho.png using Guid(13e7e6fe43a8aa049bcd610bbc1f5ff8) Importer(815301076,1909f56bfc062723c751e8b465ee728b)  -> (artifact id: '0d9ba7d90b7a8e23192315bcb87ce1e6') in 0.047390 seconds 
  Import took 0.052874 seconds .

========================================================================
Received Import Request.
  Time since last request: 0.000346 seconds.
  path: Packages/com.unity.collab-proxy/Editor/PlasticSCM/Assets/Images/d_iconemptygravatar.png
  artifactKey: Guid(9aebd705574f9e642aef1e5f59b3e4d8) Importer(815301076,1909f56bfc062723c751e8b465ee728b)
Start importing Packages/com.unity.collab-proxy/Editor/PlasticSCM/Assets/Images/d_iconemptygravatar.png using Guid(9aebd705574f9e642aef1e5f59b3e4d8) Importer(815301076,1909f56bfc062723c751e8b465ee728b)  -> (artifact id: '5d5421bc9815ddb0c2b54431e33a7556') in 0.045346 seconds 
  Import took 0.051448 seconds .

========================================================================
Received Import Request.
  Time since last request: 591.427018 seconds.
  path: Assets/Scripts/Tutorial.cs
  artifactKey: Guid(ffe1469c881fd0840bbb583992b56dbb) Importer(815301076,1909f56bfc062723c751e8b465ee728b)
Start importing Assets/Scripts/Tutorial.cs using Guid(ffe1469c881fd0840bbb583992b56dbb) Importer(815301076,1909f56bfc062723c751e8b465ee728b)  -> (artifact id: '9c5f50800204abc6f5b67a05b9a0f93e') in 0.005435 seconds 
  Import took 0.012304 seconds .

========================================================================
Received Prepare
Registering precompiled user dll's ...
Registered in 0.009817 seconds.
Begin MonoManager ReloadAssembly
Native extension for WindowsStandalone target not found
Native extension for WebGL target not found
Refreshing native plugins compatible for Editor in 0.97 ms, found 2 plugins.
Preloading 0 native plugins for Editor in 0.00 ms.
Mono: successfully reloaded assembly
- Completed reload, in  1.417 seconds
Domain Reload Profiling:
	ReloadAssembly (1418ms)
		BeginReloadAssembly (176ms)
			ExecutionOrderSort (0ms)
			DisableScriptedObjects (7ms)
			BackupInstance (0ms)
			ReleaseScriptingObjects (0ms)
			CreateAndSetChildDomain (45ms)
		EndReloadAssembly (1136ms)
			LoadAssemblies (178ms)
			RebuildTransferFunctionScriptingTraits (0ms)
			SetupTypeCache (353ms)
			ReleaseScriptCaches (2ms)
			RebuildScriptCaches (61ms)
			SetupLoadedEditorAssemblies (442ms)
				LogAssemblyErrors (0ms)
				InitializePlatformSupportModulesInManaged (7ms)
				SetLoadedEditorAssemblies (1ms)
				RefreshPlugins (1ms)
				BeforeProcessingInitializeOnLoad (94ms)
				ProcessInitializeOnLoadAttributes (246ms)
				ProcessInitializeOnLoadMethodAttributes (83ms)
				AfterProcessingInitializeOnLoad (11ms)
				EditorAssembliesLoaded (0ms)
			ExecutionOrderSort2 (0ms)
			AwakeInstancesAfterBackupRestoration (9ms)
Platform modules already initialized, skipping
Refreshing native plugins compatible for Editor in 0.97 ms, found 2 plugins.
Preloading 0 native plugins for Editor in 0.00 ms.
Unloading 2327 Unused Serialized files (Serialized files now loaded: 0)
System memory in use before: 94.7 MB.
System memory in use after: 94.9 MB.

Unloading 52 unused Assets to reduce memory usage. Loaded Objects now: 2788.
Total: 7.720500 ms (FindLiveObjects: 0.259000 ms CreateObjectMapping: 0.068900 ms MarkObjects: 7.333000 ms  DeleteObjects: 0.058000 ms)

AssetImportParameters requested are different than current active one (requested -> active):
  custom:framework-win-MediaFoundation: 216162199b28c13a410421893ffa2e32 -> 
  custom:video-decoder-ogg-theora: a1e56fd34408186e4bbccfd4996cb3dc -> 
  custom:container-muxer-webm: aa71ff27fc2769a1b78a27578f13a17b -> 
  custom:container-demuxer-webm: 4f35f7cbe854078d1ac9338744f61a02 -> 
  custom:container-demuxer-ogg: 62fdf1f143b41e24485cea50d1cbac27 -> 
  custom:video-encoder-webm-vp8: eb34c28f22e8b96e1ab97ce403110664 -> 
  custom:video-decoder-webm-vp8: 9c59270c3fd7afecdb556c50c9e8de78 -> 
  custom:audio-decoder-ogg-vorbis: bf7c407c2cedff20999df2af8eb42d56 -> 
  custom:audio-encoder-webm-vorbis: bf7c407c2cedff20999df2af8eb42d56 -> 
========================================================================
Received Prepare
Registering precompiled user dll's ...
Registered in 0.008815 seconds.
Begin MonoManager ReloadAssembly
Native extension for WindowsStandalone target not found
Native extension for WebGL target not found
Refreshing native plugins compatible for Editor in 1.00 ms, found 2 plugins.
Preloading 0 native plugins for Editor in 0.00 ms.
Mono: successfully reloaded assembly
- Completed reload, in  1.408 seconds
Domain Reload Profiling:
	ReloadAssembly (1409ms)
		BeginReloadAssembly (154ms)
			ExecutionOrderSort (0ms)
			DisableScriptedObjects (8ms)
			BackupInstance (0ms)
			ReleaseScriptingObjects (0ms)
			CreateAndSetChildDomain (46ms)
		EndReloadAssembly (1178ms)
			LoadAssemblies (132ms)
			RebuildTransferFunctionScriptingTraits (0ms)
			SetupTypeCache (347ms)
			ReleaseScriptCaches (2ms)
			RebuildScriptCaches (69ms)
			SetupLoadedEditorAssemblies (515ms)
				LogAssemblyErrors (0ms)
				InitializePlatformSupportModulesInManaged (7ms)
				SetLoadedEditorAssemblies (1ms)
				RefreshPlugins (1ms)
				BeforeProcessingInitializeOnLoad (102ms)
				ProcessInitializeOnLoadAttributes (298ms)
				ProcessInitializeOnLoadMethodAttributes (94ms)
				AfterProcessingInitializeOnLoad (12ms)
				EditorAssembliesLoaded (0ms)
			ExecutionOrderSort2 (0ms)
			AwakeInstancesAfterBackupRestoration (10ms)
Platform modules already initialized, skipping
Refreshing native plugins compatible for Editor in 0.97 ms, found 2 plugins.
Preloading 0 native plugins for Editor in 0.00 ms.
Unloading 2327 Unused Serialized files (Serialized files now loaded: 0)
System memory in use before: 94.7 MB.
System memory in use after: 95.0 MB.

Unloading 50 unused Assets to reduce memory usage. Loaded Objects now: 2791.
Total: 10.777900 ms (FindLiveObjects: 0.341300 ms CreateObjectMapping: 0.205300 ms MarkObjects: 10.178600 ms  DeleteObjects: 0.050600 ms)

AssetImportParameters requested are different than current active one (requested -> active):
  custom:framework-win-MediaFoundation: 216162199b28c13a410421893ffa2e32 -> 
  custom:video-decoder-ogg-theora: a1e56fd34408186e4bbccfd4996cb3dc -> 
  custom:container-muxer-webm: aa71ff27fc2769a1b78a27578f13a17b -> 
  custom:container-demuxer-webm: 4f35f7cbe854078d1ac9338744f61a02 -> 
  custom:container-demuxer-ogg: 62fdf1f143b41e24485cea50d1cbac27 -> 
  custom:video-encoder-webm-vp8: eb34c28f22e8b96e1ab97ce403110664 -> 
  custom:video-decoder-webm-vp8: 9c59270c3fd7afecdb556c50c9e8de78 -> 
  custom:audio-decoder-ogg-vorbis: bf7c407c2cedff20999df2af8eb42d56 -> 
  custom:audio-encoder-webm-vorbis: bf7c407c2cedff20999df2af8eb42d56 -> 
========================================================================
Received Prepare
Registering precompiled user dll's ...
Registered in 0.009499 seconds.
Begin MonoManager ReloadAssembly
Native extension for WindowsStandalone target not found
Native extension for WebGL target not found
Refreshing native plugins compatible for Editor in 0.98 ms, found 2 plugins.
Preloading 0 native plugins for Editor in 0.00 ms.
Mono: successfully reloaded assembly
- Completed reload, in  1.280 seconds
Domain Reload Profiling:
	ReloadAssembly (1281ms)
		BeginReloadAssembly (153ms)
			ExecutionOrderSort (0ms)
			DisableScriptedObjects (10ms)
			BackupInstance (0ms)
			ReleaseScriptingObjects (0ms)
			CreateAndSetChildDomain (46ms)
		EndReloadAssembly (1048ms)
			LoadAssemblies (127ms)
			RebuildTransferFunctionScriptingTraits (0ms)
			SetupTypeCache (343ms)
			ReleaseScriptCaches (2ms)
			RebuildScriptCaches (52ms)
			SetupLoadedEditorAssemblies (419ms)
				LogAssemblyErrors (0ms)
				InitializePlatformSupportModulesInManaged (7ms)
				SetLoadedEditorAssemblies (1ms)
				RefreshPlugins (1ms)
				BeforeProcessingInitializeOnLoad (93ms)
				ProcessInitializeOnLoadAttributes (230ms)
				ProcessInitializeOnLoadMethodAttributes (77ms)
				AfterProcessingInitializeOnLoad (11ms)
				EditorAssembliesLoaded (0ms)
			ExecutionOrderSort2 (0ms)
			AwakeInstancesAfterBackupRestoration (8ms)
Platform modules already initialized, skipping
Refreshing native plugins compatible for Editor in 0.98 ms, found 2 plugins.
Preloading 0 native plugins for Editor in 0.00 ms.
Unloading 2327 Unused Serialized files (Serialized files now loaded: 0)
System memory in use before: 94.7 MB.
System memory in use after: 94.9 MB.

Unloading 50 unused Assets to reduce memory usage. Loaded Objects now: 2794.
Total: 7.568800 ms (FindLiveObjects: 0.255400 ms CreateObjectMapping: 0.071400 ms MarkObjects: 7.190800 ms  DeleteObjects: 0.049400 ms)

AssetImportParameters requested are different than current active one (requested -> active):
  custom:framework-win-MediaFoundation: 216162199b28c13a410421893ffa2e32 -> 
  custom:video-decoder-ogg-theora: a1e56fd34408186e4bbccfd4996cb3dc -> 
  custom:container-muxer-webm: aa71ff27fc2769a1b78a27578f13a17b -> 
  custom:container-demuxer-webm: 4f35f7cbe854078d1ac9338744f61a02 -> 
  custom:container-demuxer-ogg: 62fdf1f143b41e24485cea50d1cbac27 -> 
  custom:video-encoder-webm-vp8: eb34c28f22e8b96e1ab97ce403110664 -> 
  custom:video-decoder-webm-vp8: 9c59270c3fd7afecdb556c50c9e8de78 -> 
  custom:audio-decoder-ogg-vorbis: bf7c407c2cedff20999df2af8eb42d56 -> 
  custom:audio-encoder-webm-vorbis: bf7c407c2cedff20999df2af8eb42d56 -> 
========================================================================
Received Prepare
Registering precompiled user dll's ...
Registered in 0.010102 seconds.
Begin MonoManager ReloadAssembly
Native extension for WindowsStandalone target not found
Native extension for WebGL target not found
Refreshing native plugins compatible for Editor in 0.98 ms, found 2 plugins.
Preloading 0 native plugins for Editor in 0.00 ms.
Mono: successfully reloaded assembly
- Completed reload, in  1.376 seconds
Domain Reload Profiling:
	ReloadAssembly (1376ms)
		BeginReloadAssembly (152ms)
			ExecutionOrderSort (0ms)
			DisableScriptedObjects (7ms)
			BackupInstance (0ms)
			ReleaseScriptingObjects (0ms)
			CreateAndSetChildDomain (44ms)
		EndReloadAssembly (1145ms)
			LoadAssemblies (139ms)
			RebuildTransferFunctionScriptingTraits (0ms)
			SetupTypeCache (332ms)
			ReleaseScriptCaches (2ms)
			RebuildScriptCaches (61ms)
			SetupLoadedEditorAssemblies (490ms)
				LogAssemblyErrors (0ms)
				InitializePlatformSupportModulesInManaged (7ms)
				SetLoadedEditorAssemblies (1ms)
				RefreshPlugins (1ms)
				BeforeProcessingInitializeOnLoad (93ms)
				ProcessInitializeOnLoadAttributes (275ms)
				ProcessInitializeOnLoadMethodAttributes (98ms)
				AfterProcessingInitializeOnLoad (15ms)
				EditorAssembliesLoaded (0ms)
			ExecutionOrderSort2 (0ms)
			AwakeInstancesAfterBackupRestoration (12ms)
Platform modules already initialized, skipping
Refreshing native plugins compatible for Editor in 1.00 ms, found 2 plugins.
Preloading 0 native plugins for Editor in 0.00 ms.
Unloading 2327 Unused Serialized files (Serialized files now loaded: 0)
System memory in use before: 94.8 MB.
System memory in use after: 95.0 MB.

Unloading 50 unused Assets to reduce memory usage. Loaded Objects now: 2797.
Total: 9.836500 ms (FindLiveObjects: 0.313400 ms CreateObjectMapping: 0.127200 ms MarkObjects: 9.345800 ms  DeleteObjects: 0.048100 ms)

AssetImportParameters requested are different than current active one (requested -> active):
  custom:framework-win-MediaFoundation: 216162199b28c13a410421893ffa2e32 -> 
  custom:video-decoder-ogg-theora: a1e56fd34408186e4bbccfd4996cb3dc -> 
  custom:container-muxer-webm: aa71ff27fc2769a1b78a27578f13a17b -> 
  custom:container-demuxer-webm: 4f35f7cbe854078d1ac9338744f61a02 -> 
  custom:container-demuxer-ogg: 62fdf1f143b41e24485cea50d1cbac27 -> 
  custom:video-encoder-webm-vp8: eb34c28f22e8b96e1ab97ce403110664 -> 
  custom:video-decoder-webm-vp8: 9c59270c3fd7afecdb556c50c9e8de78 -> 
  custom:audio-decoder-ogg-vorbis: bf7c407c2cedff20999df2af8eb42d56 -> 
  custom:audio-encoder-webm-vorbis: bf7c407c2cedff20999df2af8eb42d56 -> 
========================================================================
Received Prepare
Registering precompiled user dll's ...
Registered in 0.009564 seconds.
Begin MonoManager ReloadAssembly
Native extension for WindowsStandalone target not found
Native extension for WebGL target not found
Refreshing native plugins compatible for Editor in 1.02 ms, found 2 plugins.
Preloading 0 native plugins for Editor in 0.00 ms.
Mono: successfully reloaded assembly
- Completed reload, in  1.419 seconds
Domain Reload Profiling:
	ReloadAssembly (1420ms)
		BeginReloadAssembly (181ms)
			ExecutionOrderSort (0ms)
			DisableScriptedObjects (7ms)
			BackupInstance (0ms)
			ReleaseScriptingObjects (0ms)
			CreateAndSetChildDomain (52ms)
		EndReloadAssembly (1146ms)
			LoadAssemblies (158ms)
			RebuildTransferFunctionScriptingTraits (0ms)
			SetupTypeCache (336ms)
			ReleaseScriptCaches (2ms)
			RebuildScriptCaches (62ms)
			SetupLoadedEditorAssemblies (492ms)
				LogAssemblyErrors (0ms)
				InitializePlatformSupportModulesInManaged (7ms)
				SetLoadedEditorAssemblies (1ms)
				RefreshPlugins (1ms)
				BeforeProcessingInitializeOnLoad (104ms)
				ProcessInitializeOnLoadAttributes (270ms)
				ProcessInitializeOnLoadMethodAttributes (98ms)
				AfterProcessingInitializeOnLoad (11ms)
				EditorAssembliesLoaded (0ms)
			ExecutionOrderSort2 (0ms)
			AwakeInstancesAfterBackupRestoration (13ms)
Platform modules already initialized, skipping
Refreshing native plugins compatible for Editor in 1.37 ms, found 2 plugins.
Preloading 0 native plugins for Editor in 0.00 ms.
Unloading 2327 Unused Serialized files (Serialized files now loaded: 0)
System memory in use before: 94.8 MB.
System memory in use after: 95.0 MB.

Unloading 50 unused Assets to reduce memory usage. Loaded Objects now: 2800.
Total: 10.734000 ms (FindLiveObjects: 0.333900 ms CreateObjectMapping: 0.126300 ms MarkObjects: 10.222400 ms  DeleteObjects: 0.049500 ms)

AssetImportParameters requested are different than current active one (requested -> active):
  custom:framework-win-MediaFoundation: 216162199b28c13a410421893ffa2e32 -> 
  custom:video-decoder-ogg-theora: a1e56fd34408186e4bbccfd4996cb3dc -> 
  custom:container-muxer-webm: aa71ff27fc2769a1b78a27578f13a17b -> 
  custom:container-demuxer-webm: 4f35f7cbe854078d1ac9338744f61a02 -> 
  custom:container-demuxer-ogg: 62fdf1f143b41e24485cea50d1cbac27 -> 
  custom:video-encoder-webm-vp8: eb34c28f22e8b96e1ab97ce403110664 -> 
  custom:video-decoder-webm-vp8: 9c59270c3fd7afecdb556c50c9e8de78 -> 
  custom:audio-decoder-ogg-vorbis: bf7c407c2cedff20999df2af8eb42d56 -> 
  custom:audio-encoder-webm-vorbis: bf7c407c2cedff20999df2af8eb42d56 -> 
AssetImportWorkerClient::OnTransportError - code=2 error=End of file
